2023-05-06 09:13:34:1334 [32minfo[39m: [32mserver listening on port undefined...[39m
2023-05-06 09:42:55:4255 [32minfo[39m: [32mserver listening on port 4040...[39m
2023-05-06 09:42:58:4258 [32minfo[39m: [32mDB Connected![39m
2023-05-06 09:44:47:4447 [32minfo[39m: [32mserver listening on port 4040...[39m
2023-05-06 09:45:01:451 [32minfo[39m: [32mserver listening on port 4040...[39m
2023-05-06 09:45:07:457 [32minfo[39m: [32mserver listening on port 4040...[39m
2023-05-06 09:45:10:4510 [32minfo[39m: [32mDB Connected![39m
2023-05-06 09:45:16:4516 [32minfo[39m: [32mserver listening on port 4040...[39m
2023-05-06 09:45:22:4522 [32minfo[39m: [32mserver listening on port 4040...[39m
2023-05-06 09:45:24:4524 [32minfo[39m: [32mDB Connected![39m
2023-05-06 09:45:34:4534 [35mhttp[39m: [35m::1 GET / 200 21 - 3.082 ms[39m
[35m[39m
2023-05-06 09:47:19:4719 [32minfo[39m: [32mserver listening on port 4040...[39m
2023-05-06 09:47:23:4723 [32minfo[39m: [32mserver listening on port 4040...[39m
2023-05-06 09:47:25:4725 [32minfo[39m: [32mserver listening on port 4040...[39m
2023-05-06 09:47:27:4727 [32minfo[39m: [32mserver listening on port 4040...[39m
2023-05-06 09:47:28:4728 [32minfo[39m: [32mserver listening on port 4040...[39m
2023-05-06 09:47:31:4731 [32minfo[39m: [32mDB Connected![39m
2023-05-06 09:47:37:4737 [32minfo[39m: [32mserver listening on port 4040...[39m
2023-05-06 09:47:40:4740 [32minfo[39m: [32mDB Connected![39m
2023-05-06 09:47:45:4745 [32minfo[39m: [32mserver listening on port 4040...[39m
2023-05-06 09:47:47:4747 [32minfo[39m: [32mDB Connected![39m
2023-05-06 09:48:46:4846 [32minfo[39m: [32mserver listening on port 4040...[39m
2023-05-06 09:48:49:4849 [32minfo[39m: [32mDB Connected![39m
2023-05-06 09:48:55:4855 [32minfo[39m: [32mserver listening on port 4040...[39m
2023-05-06 09:48:59:4859 [32minfo[39m: [32mserver listening on port 4040...[39m
2023-05-06 09:49:02:492 [32minfo[39m: [32mDB Connected![39m
2023-05-06 09:49:08:498 [32minfo[39m: [32mserver listening on port 4040...[39m
2023-05-06 09:49:11:4911 [32minfo[39m: [32mDB Connected![39m
2023-05-06 09:49:14:4914 [32minfo[39m: [32mserver listening on port 4040...[39m
2023-05-06 09:49:16:4916 [32minfo[39m: [32mserver listening on port 4040...[39m
2023-05-06 09:49:20:4920 [32minfo[39m: [32mserver listening on port 4040...[39m
2023-05-06 09:49:24:4924 [32minfo[39m: [32mserver listening on port 4040...[39m
2023-05-06 09:49:27:4927 [32minfo[39m: [32mserver listening on port 4040...[39m
2023-05-06 09:49:31:4931 [32minfo[39m: [32mserver listening on port 4040...[39m
2023-05-06 09:49:34:4934 [32minfo[39m: [32mserver listening on port 4040...[39m
2023-05-06 09:49:37:4937 [32minfo[39m: [32mserver listening on port 4040...[39m
2023-05-06 09:49:40:4940 [32minfo[39m: [32mserver listening on port 4040...[39m
2023-05-06 09:49:42:4942 [32minfo[39m: [32mDB Connected![39m
2023-05-06 09:49:44:4944 [32minfo[39m: [32mserver listening on port 4040...[39m
2023-05-06 09:49:48:4948 [32minfo[39m: [32mserver listening on port 4040...[39m
2023-05-06 09:49:51:4951 [32minfo[39m: [32mDB Connected![39m
2023-05-06 09:49:53:4953 [32minfo[39m: [32mserver listening on port 4040...[39m
2023-05-06 09:49:56:4956 [32minfo[39m: [32mDB Connected![39m
2023-05-06 09:50:00:500 [32minfo[39m: [32mserver listening on port 4040...[39m
2023-05-06 09:50:04:504 [32minfo[39m: [32mserver listening on port 4040...[39m
2023-05-06 09:50:05:505 [32minfo[39m: [32mserver listening on port 4040...[39m
2023-05-06 09:50:07:507 [32minfo[39m: [32mserver listening on port 4040...[39m
2023-05-06 09:50:10:5010 [32minfo[39m: [32mserver listening on port 4040...[39m
2023-05-06 09:50:12:5012 [32minfo[39m: [32mDB Connected![39m
2023-05-06 09:50:16:5016 [32minfo[39m: [32mserver listening on port 4040...[39m
2023-05-06 09:50:19:5019 [32minfo[39m: [32mDB Connected![39m
2023-05-06 09:50:24:5024 [32minfo[39m: [32mserver listening on port 4040...[39m
2023-05-06 09:50:27:5027 [32minfo[39m: [32mDB Connected![39m
2023-05-06 09:50:38:5038 [32minfo[39m: [32mserver listening on port 4040...[39m
2023-05-06 09:50:42:5042 [32minfo[39m: [32mserver listening on port 4040...[39m
2023-05-06 09:50:45:5045 [32minfo[39m: [32mDB Connected![39m
2023-05-06 09:50:55:5055 [32minfo[39m: [32mserver listening on port 4040...[39m
2023-05-06 09:50:59:5059 [32minfo[39m: [32mserver listening on port 4040...[39m
2023-05-06 09:51:02:512 [32minfo[39m: [32mserver listening on port 4040...[39m
2023-05-06 09:51:04:514 [32minfo[39m: [32mserver listening on port 4040...[39m
2023-05-06 09:51:07:517 [32minfo[39m: [32mDB Connected![39m
2023-05-06 09:51:36:5136 [32minfo[39m: [32mserver listening on port 4040...[39m
2023-05-06 09:51:38:5138 [32minfo[39m: [32mserver listening on port 4040...[39m
2023-05-06 09:51:41:5141 [32minfo[39m: [32mserver listening on port 4040...[39m
2023-05-06 09:51:44:5144 [32minfo[39m: [32mDB Connected![39m
2023-05-06 09:51:50:5150 [32minfo[39m: [32mserver listening on port 4040...[39m
2023-05-06 09:51:52:5152 [32minfo[39m: [32mDB Connected![39m
2023-05-06 09:51:54:5154 [32minfo[39m: [32mserver listening on port 4040...[39m
2023-05-06 09:51:56:5156 [32minfo[39m: [32mDB Connected![39m
2023-05-06 09:52:02:522 [32minfo[39m: [32mserver listening on port 4040...[39m
2023-05-06 09:52:05:525 [32minfo[39m: [32mDB Connected![39m
2023-05-06 09:52:49:5249 [32minfo[39m: [32mserver listening on port 4040...[39m
2023-05-06 09:52:54:5254 [32minfo[39m: [32mserver listening on port 4040...[39m
2023-05-06 09:52:57:5257 [32minfo[39m: [32mDB Connected![39m
2023-05-06 09:55:42:5542 [32minfo[39m: [32mserver listening on port 4040...[39m
2023-05-06 09:55:45:5545 [32minfo[39m: [32mDB Connected![39m
2023-05-06 10:00:32:032 [32minfo[39m: [32mserver listening on port 4040...[39m
2023-05-06 10:00:35:035 [32minfo[39m: [32mDB Connected![39m
2023-05-06 10:06:51:651 [35mhttp[39m: [35m::1 GET /api/v2/signup 500 1438 - 5.931 ms[39m
[35m[39m
2023-05-06 10:07:21:721 [32minfo[39m: [32mserver listening on port 4040...[39m
2023-05-06 10:07:24:724 [32minfo[39m: [32mDB Connected![39m
2023-05-06 10:07:30:730 [32minfo[39m: [32mserver listening on port 4040...[39m
2023-05-06 10:07:33:733 [32minfo[39m: [32mDB Connected![39m
2023-05-06 10:07:38:738 [35mhttp[39m: [35m::1 GET /api/v2/signup 403 1445 - 6.212 ms[39m
[35m[39m
2023-05-06 10:09:11:911 [32minfo[39m: [32mserver listening on port 4040...[39m
2023-05-06 10:09:14:914 [32minfo[39m: [32mDB Connected![39m
2023-05-06 10:09:23:923 [35mhttp[39m: [35m::1 GET /api/v2/signup 403 1445 - 11.030 ms[39m
[35m[39m
2023-05-06 10:09:55:955 [32minfo[39m: [32mserver listening on port 4040...[39m
2023-05-06 10:09:58:958 [32minfo[39m: [32mDB Connected![39m
2023-05-06 10:10:15:1015 [32minfo[39m: [32mserver listening on port 4040...[39m
2023-05-06 10:10:18:1018 [32minfo[39m: [32mDB Connected![39m
2023-05-06 10:10:27:1027 [35mhttp[39m: [35m::1 GET /api/v2/signup 403 1445 - 6.158 ms[39m
[35m[39m
2023-05-06 10:10:43:1043 [32minfo[39m: [32mserver listening on port 4040...[39m
2023-05-06 10:10:46:1046 [32minfo[39m: [32mDB Connected![39m
2023-05-06 10:10:53:1053 [35mhttp[39m: [35m::1 GET /api/v2/signup 403 1445 - 7.156 ms[39m
[35m[39m
2023-05-06 10:13:23:1323 [35mhttp[39m: [35m::1 GET /api/v2/signup 403 1445 - 1.735 ms[39m
[35m[39m
2023-05-06 10:13:59:1359 [32minfo[39m: [32mserver listening on port 4040...[39m
2023-05-06 10:14:04:144 [32minfo[39m: [32mserver listening on port 4040...[39m
2023-05-06 10:14:06:146 [32minfo[39m: [32mDB Connected![39m
2023-05-06 10:14:11:1411 [35mhttp[39m: [35m::1 GET /api/v2/signup 403 1445 - 6.217 ms[39m
[35m[39m
2023-05-06 10:14:23:1423 [35mhttp[39m: [35m::1 GET /api/v2/signup 403 1445 - 1.872 ms[39m
[35m[39m
2023-05-06 10:16:32:1632 [32minfo[39m: [32mserver listening on port 4040...[39m
2023-05-06 10:16:35:1635 [32minfo[39m: [32mDB Connected![39m
2023-05-06 10:20:46:2046 [32minfo[39m: [32mserver listening on port 4040...[39m
2023-05-06 10:20:49:2049 [32minfo[39m: [32mDB Connected![39m
2023-05-06 10:21:45:2145 [32minfo[39m: [32mserver listening on port 4040...[39m
2023-05-06 10:21:48:2148 [32minfo[39m: [32mDB Connected![39m
2023-05-06 10:21:51:2151 [32minfo[39m: [32mserver listening on port 4040...[39m
2023-05-06 10:21:54:2154 [32minfo[39m: [32mserver listening on port 4040...[39m
2023-05-06 10:21:57:2157 [32minfo[39m: [32mDB Connected![39m
2023-05-06 10:25:20:2520 [32minfo[39m: [32mserver listening on port 4040...[39m
2023-05-06 10:25:24:2524 [32minfo[39m: [32mDB Connected![39m
2023-05-06 10:25:44:2544 [32minfo[39m: [32mserver listening on port 4040...[39m
2023-05-06 10:25:47:2547 [32minfo[39m: [32mDB Connected![39m
2023-05-06 10:26:11:2611 [32minfo[39m: [32mserver listening on port 4040...[39m
2023-05-06 10:26:16:2616 [32minfo[39m: [32mserver listening on port 4040...[39m
2023-05-06 10:26:19:2619 [32minfo[39m: [32mDB Connected![39m
2023-05-06 10:26:29:2629 [32minfo[39m: [32mserver listening on port 4040...[39m
2023-05-06 10:26:32:2632 [32minfo[39m: [32mDB Connected![39m
2023-05-06 10:26:49:2649 [31merror[39m: [31m/api/v2/signup not found on this server[39m
2023-05-06 10:26:49:2649 [35mhttp[39m: [35m::1 GET /api/v2/signup 404 1553 - 12.061 ms[39m
[35m[39m
2023-05-06 10:28:00:280 [35mhttp[39m: [35m::1 POST /api/v2/signup 404 153 - 3.074 ms[39m
[35m[39m
2023-05-06 10:39:47:3947 [35mhttp[39m: [35m::1 POST /api/v2/auth/signup - - - - ms[39m
[35m[39m
2023-05-06 10:39:53:3953 [35mhttp[39m: [35m::1 POST /api/v2/auth/signu 404 157 - 1.296 ms[39m
[35m[39m
2023-05-06 10:40:03:403 [31merror[39m: [31m/api/v2/auth/signu not found on this server[39m
2023-05-06 10:40:03:403 [35mhttp[39m: [35m::1 GET /api/v2/auth/signu 404 1560 - 3.634 ms[39m
[35m[39m
2023-05-06 10:40:31:4031 [35mhttp[39m: [35m::1 PUT /api/v2/auth/signu 404 156 - 1.058 ms[39m
[35m[39m
2023-05-06 10:42:23:4223 [32minfo[39m: [32mserver listening on port 4040...[39m
2023-05-06 10:42:26:4226 [32minfo[39m: [32mDB Connected![39m
2023-05-06 10:45:39:4539 [31merror[39m: [31m/api/v2/auth/signu not found on this server[39m
2023-05-06 10:45:39:4539 [35mhttp[39m: [35m::1 GET /api/v2/auth/signu 404 1561 - 12.407 ms[39m
[35m[39m
2023-05-06 10:45:50:4550 [35mhttp[39m: [35m::1 POST /api/v2/auth/signu 404 157 - 3.994 ms[39m
[35m[39m
2023-05-06 10:46:48:4648 [32minfo[39m: [32mserver listening on port 4040...[39m
2023-05-06 10:46:50:4650 [32minfo[39m: [32mDB Connected![39m
2023-05-06 10:46:59:4659 [35mhttp[39m: [35m::1 POST /api/v2/auth/signu 404 157 - 5.468 ms[39m
[35m[39m
2023-05-06 10:48:46:4846 [35mhttp[39m: [35m::1 POST /api/v2/auth/signu 404 157 - 1.391 ms[39m
[35m[39m
2023-05-06 10:49:18:4918 [32minfo[39m: [32mserver listening on port 4040...[39m
2023-05-06 10:49:21:4921 [32minfo[39m: [32mDB Connected![39m
2023-05-06 10:49:26:4926 [35mhttp[39m: [35m::1 POST /api/v2/auth/signu 404 157 - 3.927 ms[39m
[35m[39m
2023-05-06 10:59:45:5945 [32minfo[39m: [32mserver listening on port 4040...[39m
2023-05-06 10:59:49:5949 [32minfo[39m: [32mDB Connected![39m
2023-05-06 10:59:52:5952 [35mhttp[39m: [35m::1 POST /api/v2/auth/signu 404 157 - 6.900 ms[39m
[35m[39m
2023-05-06 11:00:02:02 [32minfo[39m: [32mserver listening on port 4040...[39m
2023-05-06 11:00:06:06 [32minfo[39m: [32mDB Connected![39m
2023-05-06 11:00:16:016 [32minfo[39m: [32mserver listening on port 4040...[39m
2023-05-06 11:00:19:019 [32minfo[39m: [32mDB Connected![39m
2023-05-06 11:00:26:026 [35mhttp[39m: [35m::1 POST /api/v2/auth/signu 404 157 - 6.559 ms[39m
[35m[39m
2023-05-06 11:00:30:030 [35mhttp[39m: [35m::1 POST /api/v2/auth/signu 404 157 - 2.280 ms[39m
[35m[39m
2023-05-06 11:02:58:258 [32minfo[39m: [32mserver listening on port 4040...[39m
2023-05-06 11:03:01:31 [32minfo[39m: [32mDB Connected![39m
2023-05-06 11:03:08:38 [35mhttp[39m: [35m::1 POST /api/v2/auth/signu 404 157 - 5.692 ms[39m
[35m[39m
2023-05-06 11:03:18:318 [32minfo[39m: [32mserver listening on port 4040...[39m
2023-05-06 11:03:20:320 [32minfo[39m: [32mDB Connected![39m
2023-05-06 11:04:05:45 [32minfo[39m: [32mserver listening on port 4040...[39m
2023-05-06 11:04:08:48 [32minfo[39m: [32mDB Connected![39m
2023-05-06 11:05:19:519 [32minfo[39m: [32mserver listening on port 4040...[39m
2023-05-06 11:05:22:522 [32minfo[39m: [32mDB Connected![39m
2023-05-06 11:05:22:522 [31merror[39m: [31m/api/v2/auth/signu not found on this server[39m
2023-05-06 11:05:22:522 [35mhttp[39m: [35m::1 POST /api/v2/auth/signu 404 1524 - 8.236 ms[39m
[35m[39m
2023-05-06 11:06:22:622 [32minfo[39m: [32mserver listening on port 4040...[39m
2023-05-06 11:06:26:626 [32minfo[39m: [32mserver listening on port 4040...[39m
2023-05-06 11:06:28:628 [32minfo[39m: [32mDB Connected![39m
2023-05-06 11:07:12:712 [32minfo[39m: [32mserver listening on port 4040...[39m
2023-05-06 11:07:15:715 [32minfo[39m: [32mDB Connected![39m
2023-05-06 11:08:21:821 [35mhttp[39m: [35m::1 POST /api/v2/auth/signup - - - - ms[39m
[35m[39m
2023-05-06 11:10:17:1017 [32minfo[39m: [32mserver listening on port 4040...[39m
2023-05-06 11:10:21:1021 [32minfo[39m: [32mserver listening on port 4040...[39m
2023-05-06 11:10:24:1024 [32minfo[39m: [32mserver listening on port 4040...[39m
2023-05-06 11:10:27:1027 [32minfo[39m: [32mDB Connected![39m
2023-05-06 11:10:57:1057 [32minfo[39m: [32mserver listening on port 4040...[39m
2023-05-06 11:11:00:110 [32minfo[39m: [32mDB Connected![39m
2023-05-06 11:11:05:115 [32minfo[39m: [32mserver listening on port 4040...[39m
2023-05-06 11:11:11:1111 [32minfo[39m: [32mserver listening on port 4040...[39m
2023-05-06 11:11:14:1114 [32minfo[39m: [32mDB Connected![39m
2023-05-06 11:12:32:1232 [32minfo[39m: [32mserver listening on port 4040...[39m
2023-05-06 11:12:35:1235 [32minfo[39m: [32mDB Connected![39m
2023-05-06 11:13:30:1330 [32minfo[39m: [32mserver listening on port 4040...[39m
2023-05-06 11:13:33:1333 [32minfo[39m: [32mDB Connected![39m
2023-05-06 11:14:40:1440 [32minfo[39m: [32mserver listening on port 4040...[39m
2023-05-06 11:14:43:1443 [32minfo[39m: [32mDB Connected![39m
2023-05-06 11:14:46:1446 [32minfo[39m: [32mserver listening on port 4040...[39m
2023-05-06 11:14:49:1449 [32minfo[39m: [32mDB Connected![39m
2023-05-06 11:15:52:1552 [32minfo[39m: [32mserver listening on port 4040...[39m
2023-05-06 11:16:15:1615 [32minfo[39m: [32mserver listening on port 4040...[39m
2023-05-06 11:16:17:1617 [32minfo[39m: [32mserver listening on port 4040...[39m
2023-05-06 11:16:20:1620 [32minfo[39m: [32mDB Connected![39m
2023-05-06 11:16:23:1623 [32minfo[39m: [32mserver listening on port 4040...[39m
2023-05-06 11:16:58:1658 [32minfo[39m: [32mserver listening on port 4040...[39m
2023-05-06 11:17:00:170 [32minfo[39m: [32mserver listening on port 4040...[39m
2023-05-06 11:17:02:172 [32minfo[39m: [32mserver listening on port 4040...[39m
2023-05-06 11:17:05:175 [32minfo[39m: [32mDB Connected![39m
2023-05-06 11:17:15:1715 [32minfo[39m: [32mserver listening on port 4040...[39m
2023-05-06 11:17:17:1717 [32minfo[39m: [32mserver listening on port 4040...[39m
2023-05-06 11:17:22:1722 [32minfo[39m: [32mserver listening on port 4040...[39m
2023-05-06 11:17:25:1725 [32minfo[39m: [32mserver listening on port 4040...[39m
2023-05-06 11:17:28:1728 [32minfo[39m: [32mDB Connected![39m
2023-05-06 11:17:30:1730 [32minfo[39m: [32mserver listening on port 4040...[39m
2023-05-06 11:17:33:1733 [32minfo[39m: [32mDB Connected![39m
2023-05-06 11:17:35:1735 [32minfo[39m: [32mserver listening on port 4040...[39m
2023-05-06 11:17:39:1739 [32minfo[39m: [32mserver listening on port 4040...[39m
2023-05-06 11:17:42:1742 [32minfo[39m: [32mserver listening on port 4040...[39m
2023-05-06 11:17:45:1745 [32minfo[39m: [32mDB Connected![39m
2023-05-06 11:18:02:182 [32minfo[39m: [32mserver listening on port 4040...[39m
2023-05-06 11:18:05:185 [32minfo[39m: [32mserver listening on port 4040...[39m
2023-05-06 11:18:08:188 [32minfo[39m: [32mDB Connected![39m
2023-05-06 11:18:43:1843 [31merror[39m: [31mUNHANDLED REJECTION! 🔥 Shutting Down...[39m
2023-05-06 11:18:43:1843 [31merror[39m: [31m{[39m
[31m  REASON: TypeError: Cannot destructure property 'email' of 'body' as it is undefined.[39m
[31m      at exports.signup (C:\Users\user\Documents\Projects\donation-api-v2\controllers\authController.js:12:13)[39m
[31m      at Layer.handle [as handle_request] (C:\Users\user\Documents\Projects\donation-api-v2\node_modules\express\lib\router\layer.js:95:5)[39m
[31m      at next (C:\Users\user\Documents\Projects\donation-api-v2\node_modules\express\lib\router\route.js:144:13)[39m
[31m      at Route.dispatch (C:\Users\user\Documents\Projects\donation-api-v2\node_modules\express\lib\router\route.js:114:3)[39m
[31m      at Layer.handle [as handle_request] (C:\Users\user\Documents\Projects\donation-api-v2\node_modules\express\lib\router\layer.js:95:5)[39m
[31m      at C:\Users\user\Documents\Projects\donation-api-v2\node_modules\express\lib\router\index.js:284:15[39m
[31m      at Function.process_params (C:\Users\user\Documents\Projects\donation-api-v2\node_modules\express\lib\router\index.js:346:12)[39m
[31m      at next (C:\Users\user\Documents\Projects\donation-api-v2\node_modules\express\lib\router\index.js:280:10)[39m
[31m      at Function.handle (C:\Users\user\Documents\Projects\donation-api-v2\node_modules\express\lib\router\index.js:175:3)[39m
[31m      at router (C:\Users\user\Documents\Projects\donation-api-v2\node_modules\express\lib\router\index.js:47:12)[39m
[31m}[39m
2023-05-06 11:19:06:196 [32minfo[39m: [32mserver listening on port 4040...[39m
2023-05-06 11:19:10:1910 [32minfo[39m: [32mserver listening on port 4040...[39m
2023-05-06 11:19:13:1913 [32minfo[39m: [32mserver listening on port 4040...[39m
2023-05-06 11:19:15:1915 [32minfo[39m: [32mserver listening on port 4040...[39m
2023-05-06 11:19:23:1923 [32minfo[39m: [32mserver listening on port 4040...[39m
2023-05-06 11:20:17:2017 [32minfo[39m: [32mserver listening on port 4040...[39m
2023-05-06 11:20:25:2025 [32minfo[39m: [32mserver listening on port 4040...[39m
2023-05-06 11:20:35:2035 [31merror[39m: [31mUNHANDLED REJECTION! 🔥 Shutting Down...[39m
2023-05-06 11:20:35:2035 [31merror[39m: [31m{[39m
[31m  REASON: TypeError: Cannot destructure property 'email' of 'req.body' as it is undefined.[39m
[31m      at exports.signup (C:\Users\user\Documents\Projects\donation-api-v2\controllers\authController.js:10:13)[39m
[31m      at Layer.handle [as handle_request] (C:\Users\user\Documents\Projects\donation-api-v2\node_modules\express\lib\router\layer.js:95:5)[39m
[31m      at next (C:\Users\user\Documents\Projects\donation-api-v2\node_modules\express\lib\router\route.js:144:13)[39m
[31m      at Route.dispatch (C:\Users\user\Documents\Projects\donation-api-v2\node_modules\express\lib\router\route.js:114:3)[39m
[31m      at Layer.handle [as handle_request] (C:\Users\user\Documents\Projects\donation-api-v2\node_modules\express\lib\router\layer.js:95:5)[39m
[31m      at C:\Users\user\Documents\Projects\donation-api-v2\node_modules\express\lib\router\index.js:284:15[39m
[31m      at Function.process_params (C:\Users\user\Documents\Projects\donation-api-v2\node_modules\express\lib\router\index.js:346:12)[39m
[31m      at next (C:\Users\user\Documents\Projects\donation-api-v2\node_modules\express\lib\router\index.js:280:10)[39m
[31m      at Function.handle (C:\Users\user\Documents\Projects\donation-api-v2\node_modules\express\lib\router\index.js:175:3)[39m
[31m      at router (C:\Users\user\Documents\Projects\donation-api-v2\node_modules\express\lib\router\index.js:47:12)[39m
[31m}[39m
2023-05-06 11:21:34:2134 [32minfo[39m: [32mserver listening on port 4040...[39m
2023-05-06 11:26:43:2643 [32minfo[39m: [32mserver listening on port 4040...[39m
2023-05-06 11:26:49:2649 [32minfo[39m: [32mserver listening on port 4040...[39m
2023-05-06 11:26:52:2652 [32minfo[39m: [32mserver listening on port 4040...[39m
2023-05-06 11:26:57:2657 [32minfo[39m: [32mserver listening on port 4040...[39m
2023-05-06 11:27:00:270 [32minfo[39m: [32mserver listening on port 4040...[39m
2023-05-06 11:27:08:278 [32minfo[39m: [32mserver listening on port 4040...[39m
2023-05-06 11:27:17:2717 [31merror[39m: [31mUNHANDLED REJECTION! 🔥 Shutting Down...[39m
2023-05-06 11:27:17:2717 [31merror[39m: [31m{[39m
[31m  REASON: TypeError: Cannot destructure property 'email' of 'req.body' as it is undefined.[39m
[31m      at exports.signup (C:\Users\user\Documents\Projects\donation-api-v2\controllers\authController.js:12:13)[39m
[31m      at Layer.handle [as handle_request] (C:\Users\user\Documents\Projects\donation-api-v2\node_modules\express\lib\router\layer.js:95:5)[39m
[31m      at next (C:\Users\user\Documents\Projects\donation-api-v2\node_modules\express\lib\router\route.js:144:13)[39m
[31m      at Route.dispatch (C:\Users\user\Documents\Projects\donation-api-v2\node_modules\express\lib\router\route.js:114:3)[39m
[31m      at Layer.handle [as handle_request] (C:\Users\user\Documents\Projects\donation-api-v2\node_modules\express\lib\router\layer.js:95:5)[39m
[31m      at C:\Users\user\Documents\Projects\donation-api-v2\node_modules\express\lib\router\index.js:284:15[39m
[31m      at Function.process_params (C:\Users\user\Documents\Projects\donation-api-v2\node_modules\express\lib\router\index.js:346:12)[39m
[31m      at next (C:\Users\user\Documents\Projects\donation-api-v2\node_modules\express\lib\router\index.js:280:10)[39m
[31m      at Function.handle (C:\Users\user\Documents\Projects\donation-api-v2\node_modules\express\lib\router\index.js:175:3)[39m
[31m      at router (C:\Users\user\Documents\Projects\donation-api-v2\node_modules\express\lib\router\index.js:47:12)[39m
[31m}[39m
2023-05-06 11:27:57:2757 [32minfo[39m: [32mserver listening on port 4040...[39m
2023-05-06 11:28:14:2814 [32minfo[39m: [32mserver listening on port 4040...[39m
2023-05-06 11:28:35:2835 [32minfo[39m: [32mserver listening on port 4040...[39m
2023-05-06 11:28:37:2837 [32minfo[39m: [32mserver listening on port 4040...[39m
2023-05-06 11:28:39:2839 [32minfo[39m: [32mserver listening on port 4040...[39m
2023-05-06 11:28:55:2855 [32minfo[39m: [32mserver listening on port 4040...[39m
2023-05-06 11:30:12:3012 [32minfo[39m: [32mserver listening on port 4040...[39m
2023-05-06 11:30:43:3043 [32minfo[39m: [32mserver listening on port 4040...[39m
2023-05-06 11:31:08:318 [32minfo[39m: [32mserver listening on port 4040...[39m
2023-05-06 11:31:14:3114 [32minfo[39m: [32mserver listening on port 4040...[39m
2023-05-06 11:31:19:3119 [32minfo[39m: [32mserver listening on port 4040...[39m
2023-05-06 11:33:02:332 [32minfo[39m: [32mserver listening on port 4040...[39m
2023-05-06 11:33:04:334 [32minfo[39m: [32mserver listening on port 4040...[39m
2023-05-06 11:33:22:3322 [32minfo[39m: [32mserver listening on port 4040...[39m
2023-05-06 11:33:26:3326 [32minfo[39m: [32mserver listening on port 4040...[39m
2023-05-06 11:38:26:3826 [32minfo[39m: [32mserver listening on port 4040...[39m
2023-05-06 11:38:28:3828 [32minfo[39m: [32mserver listening on port 4040...[39m
2023-05-06 11:38:34:3834 [32minfo[39m: [32mserver listening on port 4040...[39m
2023-05-06 11:40:13:4013 [32minfo[39m: [32mserver listening on port 4040...[39m
2023-05-06 11:40:16:4016 [32minfo[39m: [32mDB Connected![39m
2023-05-06 14:19:39:1939 [35mhttp[39m: [35m::1 POST /api/v2/auth/signup - - - - ms[39m
[35m[39m
2023-05-06 14:21:25:2125 [32minfo[39m: [32mserver listening on port 4040...[39m
2023-05-06 14:21:39:2139 [32minfo[39m: [32mserver listening on port 4040...[39m
2023-05-06 14:21:54:2154 [32minfo[39m: [32mDB Connected![39m
2023-05-06 14:22:23:2223 [31merror[39m: [31mUnable to register user[39m
2023-05-06 14:22:23:2223 [35mhttp[39m: [35m::1 POST /api/v2/auth/signup 500 467 - 12.147 ms[39m
[35m[39m
2023-05-06 14:23:06:236 [32minfo[39m: [32mserver listening on port 4040...[39m
2023-05-06 14:23:18:2318 [32minfo[39m: [32mserver listening on port 4040...[39m
2023-05-06 14:23:39:2339 [32minfo[39m: [32mDB Connected![39m
2023-05-06 14:23:51:2351 [32minfo[39m: [32mserver listening on port 4040...[39m
2023-05-06 14:24:00:240 [32minfo[39m: [32mserver listening on port 4040...[39m
2023-05-06 14:24:15:2415 [35mhttp[39m: [35m::1 POST /api/v2/auth/signup - - - - ms[39m
[35m[39m
2023-05-06 14:24:16:2416 [31merror[39m: [31mUnable to register user[39m
2023-05-06 14:24:37:2437 [32minfo[39m: [32mserver listening on port 4040...[39m
2023-05-06 14:25:07:257 [32minfo[39m: [32mDB Connected![39m
2023-05-06 14:25:29:2529 [31merror[39m: [31mUnable to register user[39m
2023-05-06 14:25:29:2529 [35mhttp[39m: [35m::1 POST /api/v2/auth/signup 500 467 - 523.669 ms[39m
[35m[39m
